{"C:\\Users\\alumnotizv\\HealthyApp\\backend\\server.js": {"path":"C:\\Users\\alumnotizv\\HealthyApp\\backend\\server.js","all":false,"statementMap":{"0":{"start":{"line":1,"column":0},"end":{"line":1,"column":30}},"1":{"start":{"line":2,"column":0},"end":{"line":2,"column":24}},"2":{"start":{"line":3,"column":0},"end":{"line":3,"column":30}},"3":{"start":{"line":4,"column":0},"end":{"line":4,"column":24}},"4":{"start":{"line":5,"column":0},"end":{"line":5,"column":36}},"5":{"start":{"line":6,"column":0},"end":{"line":6,"column":31}},"6":{"start":{"line":7,"column":0},"end":{"line":7,"column":30}},"7":{"start":{"line":8,"column":0},"end":{"line":8,"column":0}},"8":{"start":{"line":9,"column":0},"end":{"line":9,"column":50}},"9":{"start":{"line":10,"column":0},"end":{"line":10,"column":43}},"10":{"start":{"line":11,"column":0},"end":{"line":11,"column":0}},"11":{"start":{"line":12,"column":0},"end":{"line":12,"column":38}},"12":{"start":{"line":13,"column":0},"end":{"line":13,"column":48}},"13":{"start":{"line":14,"column":0},"end":{"line":14,"column":76}},"14":{"start":{"line":15,"column":0},"end":{"line":15,"column":0}},"15":{"start":{"line":16,"column":0},"end":{"line":16,"column":33}},"16":{"start":{"line":17,"column":0},"end":{"line":17,"column":40}},"17":{"start":{"line":18,"column":0},"end":{"line":18,"column":0}},"18":{"start":{"line":19,"column":0},"end":{"line":19,"column":18}},"19":{"start":{"line":20,"column":0},"end":{"line":20,"column":17}},"20":{"start":{"line":21,"column":0},"end":{"line":21,"column":25}},"21":{"start":{"line":22,"column":0},"end":{"line":22,"column":0}},"22":{"start":{"line":23,"column":0},"end":{"line":23,"column":34}},"23":{"start":{"line":24,"column":0},"end":{"line":24,"column":39}},"24":{"start":{"line":25,"column":0},"end":{"line":25,"column":29}},"25":{"start":{"line":26,"column":0},"end":{"line":26,"column":30}},"26":{"start":{"line":27,"column":0},"end":{"line":27,"column":52}},"27":{"start":{"line":28,"column":0},"end":{"line":28,"column":2}},"28":{"start":{"line":29,"column":0},"end":{"line":29,"column":0}},"29":{"start":{"line":30,"column":0},"end":{"line":30,"column":36}},"30":{"start":{"line":31,"column":0},"end":{"line":31,"column":39}},"31":{"start":{"line":32,"column":0},"end":{"line":32,"column":27}},"32":{"start":{"line":33,"column":0},"end":{"line":33,"column":23}},"33":{"start":{"line":34,"column":0},"end":{"line":34,"column":23}},"34":{"start":{"line":35,"column":0},"end":{"line":35,"column":53}},"35":{"start":{"line":36,"column":0},"end":{"line":36,"column":62}},"36":{"start":{"line":37,"column":0},"end":{"line":37,"column":2}},"37":{"start":{"line":38,"column":0},"end":{"line":38,"column":2}},"38":{"start":{"line":39,"column":0},"end":{"line":39,"column":37}},"39":{"start":{"line":40,"column":0},"end":{"line":40,"column":0}},"40":{"start":{"line":41,"column":0},"end":{"line":41,"column":22}},"41":{"start":{"line":42,"column":0},"end":{"line":42,"column":16}},"42":{"start":{"line":43,"column":0},"end":{"line":43,"column":24}},"43":{"start":{"line":44,"column":0},"end":{"line":44,"column":0}},"44":{"start":{"line":45,"column":0},"end":{"line":45,"column":8}},"45":{"start":{"line":46,"column":0},"end":{"line":46,"column":123}},"46":{"start":{"line":47,"column":0},"end":{"line":47,"column":110}},"47":{"start":{"line":48,"column":0},"end":{"line":48,"column":0}},"48":{"start":{"line":49,"column":0},"end":{"line":49,"column":18}},"49":{"start":{"line":50,"column":0},"end":{"line":50,"column":28}},"50":{"start":{"line":51,"column":0},"end":{"line":51,"column":46}},"51":{"start":{"line":52,"column":0},"end":{"line":52,"column":64}},"52":{"start":{"line":53,"column":0},"end":{"line":53,"column":68}},"53":{"start":{"line":54,"column":0},"end":{"line":54,"column":6}},"54":{"start":{"line":55,"column":0},"end":{"line":55,"column":50}},"55":{"start":{"line":56,"column":0},"end":{"line":56,"column":56}},"56":{"start":{"line":57,"column":0},"end":{"line":57,"column":11}},"57":{"start":{"line":58,"column":0},"end":{"line":58,"column":12}},"58":{"start":{"line":59,"column":0},"end":{"line":59,"column":71}},"59":{"start":{"line":60,"column":0},"end":{"line":60,"column":3}},"60":{"start":{"line":61,"column":0},"end":{"line":61,"column":1}},"61":{"start":{"line":62,"column":0},"end":{"line":62,"column":0}},"62":{"start":{"line":63,"column":0},"end":{"line":63,"column":35}},"63":{"start":{"line":64,"column":0},"end":{"line":64,"column":46}},"64":{"start":{"line":65,"column":0},"end":{"line":65,"column":45}},"65":{"start":{"line":66,"column":0},"end":{"line":66,"column":97}},"66":{"start":{"line":67,"column":0},"end":{"line":67,"column":54}},"67":{"start":{"line":68,"column":0},"end":{"line":68,"column":71}},"68":{"start":{"line":69,"column":0},"end":{"line":69,"column":75}},"69":{"start":{"line":70,"column":0},"end":{"line":70,"column":14}},"70":{"start":{"line":71,"column":0},"end":{"line":71,"column":112}},"71":{"start":{"line":72,"column":0},"end":{"line":72,"column":58}},"72":{"start":{"line":73,"column":0},"end":{"line":73,"column":5}},"73":{"start":{"line":74,"column":0},"end":{"line":74,"column":44}},"74":{"start":{"line":75,"column":0},"end":{"line":75,"column":34}},"75":{"start":{"line":76,"column":0},"end":{"line":76,"column":42}},"76":{"start":{"line":77,"column":0},"end":{"line":77,"column":5}},"77":{"start":{"line":78,"column":0},"end":{"line":78,"column":3}},"78":{"start":{"line":79,"column":0},"end":{"line":79,"column":0}},"79":{"start":{"line":80,"column":0},"end":{"line":80,"column":42}},"80":{"start":{"line":81,"column":0},"end":{"line":81,"column":45}},"81":{"start":{"line":82,"column":0},"end":{"line":82,"column":97}},"82":{"start":{"line":83,"column":0},"end":{"line":83,"column":116}},"83":{"start":{"line":84,"column":0},"end":{"line":84,"column":65}},"84":{"start":{"line":85,"column":0},"end":{"line":85,"column":79}},"85":{"start":{"line":86,"column":0},"end":{"line":86,"column":63}},"86":{"start":{"line":87,"column":0},"end":{"line":87,"column":78}},"87":{"start":{"line":88,"column":0},"end":{"line":88,"column":62}},"88":{"start":{"line":89,"column":0},"end":{"line":89,"column":64}},"89":{"start":{"line":90,"column":0},"end":{"line":90,"column":5}},"90":{"start":{"line":91,"column":0},"end":{"line":91,"column":3}},"91":{"start":{"line":92,"column":0},"end":{"line":92,"column":0}},"92":{"start":{"line":93,"column":0},"end":{"line":93,"column":40}},"93":{"start":{"line":94,"column":0},"end":{"line":94,"column":46}},"94":{"start":{"line":95,"column":0},"end":{"line":95,"column":43}},"95":{"start":{"line":96,"column":0},"end":{"line":96,"column":43}},"96":{"start":{"line":97,"column":0},"end":{"line":97,"column":61}},"97":{"start":{"line":98,"column":0},"end":{"line":98,"column":80}},"98":{"start":{"line":99,"column":0},"end":{"line":99,"column":3}},"99":{"start":{"line":100,"column":0},"end":{"line":100,"column":50}},"100":{"start":{"line":101,"column":0},"end":{"line":101,"column":31}},"101":{"start":{"line":102,"column":0},"end":{"line":102,"column":63}},"102":{"start":{"line":103,"column":0},"end":{"line":103,"column":5}},"103":{"start":{"line":104,"column":0},"end":{"line":104,"column":1}},"104":{"start":{"line":105,"column":0},"end":{"line":105,"column":79}},"105":{"start":{"line":106,"column":0},"end":{"line":106,"column":61}},"106":{"start":{"line":107,"column":0},"end":{"line":107,"column":65}},"107":{"start":{"line":108,"column":0},"end":{"line":108,"column":100}},"108":{"start":{"line":109,"column":0},"end":{"line":109,"column":5}},"109":{"start":{"line":110,"column":0},"end":{"line":110,"column":3}},"110":{"start":{"line":111,"column":0},"end":{"line":111,"column":0}},"111":{"start":{"line":112,"column":0},"end":{"line":112,"column":46}},"112":{"start":{"line":113,"column":0},"end":{"line":113,"column":129}},"113":{"start":{"line":114,"column":0},"end":{"line":114,"column":46}},"114":{"start":{"line":115,"column":0},"end":{"line":115,"column":65}},"115":{"start":{"line":116,"column":0},"end":{"line":116,"column":19}},"116":{"start":{"line":117,"column":0},"end":{"line":117,"column":5}},"117":{"start":{"line":118,"column":0},"end":{"line":118,"column":3}},"118":{"start":{"line":119,"column":0},"end":{"line":119,"column":0}},"119":{"start":{"line":120,"column":0},"end":{"line":120,"column":55}},"120":{"start":{"line":121,"column":0},"end":{"line":121,"column":38}},"121":{"start":{"line":122,"column":0},"end":{"line":122,"column":86}},"122":{"start":{"line":123,"column":0},"end":{"line":123,"column":99}},"123":{"start":{"line":124,"column":0},"end":{"line":124,"column":68}},"124":{"start":{"line":125,"column":0},"end":{"line":125,"column":96}},"125":{"start":{"line":126,"column":0},"end":{"line":126,"column":39}},"126":{"start":{"line":127,"column":0},"end":{"line":127,"column":8}},"127":{"start":{"line":128,"column":0},"end":{"line":128,"column":6}},"128":{"start":{"line":129,"column":0},"end":{"line":129,"column":0}},"129":{"start":{"line":130,"column":0},"end":{"line":130,"column":8}},"130":{"start":{"line":131,"column":0},"end":{"line":131,"column":62}},"131":{"start":{"line":132,"column":0},"end":{"line":132,"column":0}},"132":{"start":{"line":133,"column":0},"end":{"line":133,"column":0}},"133":{"start":{"line":134,"column":0},"end":{"line":134,"column":19}},"134":{"start":{"line":135,"column":0},"end":{"line":135,"column":0}},"135":{"start":{"line":136,"column":0},"end":{"line":136,"column":0}},"136":{"start":{"line":137,"column":0},"end":{"line":137,"column":38}},"137":{"start":{"line":138,"column":0},"end":{"line":138,"column":26}},"138":{"start":{"line":139,"column":0},"end":{"line":139,"column":62}},"139":{"start":{"line":140,"column":0},"end":{"line":140,"column":5}},"140":{"start":{"line":141,"column":0},"end":{"line":141,"column":1}}},"s":{"0":2,"1":2,"2":2,"3":2,"4":2,"5":2,"6":2,"7":2,"8":2,"9":2,"10":2,"11":2,"12":2,"13":2,"14":2,"15":2,"16":2,"17":2,"18":2,"19":2,"20":2,"21":2,"22":2,"23":2,"24":2,"25":2,"26":2,"27":2,"28":2,"29":2,"30":2,"31":2,"32":2,"33":2,"34":2,"35":2,"36":2,"37":2,"38":2,"39":2,"40":2,"41":2,"42":2,"43":2,"44":2,"45":10,"46":1,"47":2,"48":2,"49":5,"50":5,"51":5,"52":5,"53":5,"54":5,"55":5,"56":5,"57":5,"58":0,"59":0,"60":5,"61":2,"62":2,"63":2,"64":1,"65":1,"66":1,"67":1,"68":1,"69":1,"70":0,"71":0,"72":0,"73":1,"74":1,"75":1,"76":1,"77":2,"78":2,"79":2,"80":0,"81":0,"82":0,"83":0,"84":0,"85":0,"86":0,"87":0,"88":0,"89":0,"90":2,"91":2,"92":2,"93":2,"94":5,"95":5,"96":5,"97":1,"98":1,"99":5,"100":2,"101":2,"102":2,"103":2,"104":2,"105":2,"106":2,"107":2,"108":2,"109":2,"110":2,"111":2,"112":0,"113":0,"114":0,"115":0,"116":0,"117":2,"118":2,"119":2,"120":2,"121":2,"122":2,"123":2,"124":2,"125":2,"126":2,"127":2,"128":2,"129":2,"130":2,"131":2,"132":2,"133":2,"134":2,"135":2,"136":2,"137":0,"138":0,"139":0,"140":0},"branchMap":{"0":{"type":"branch","line":1,"loc":{"start":{"line":1,"column":0},"end":{"line":141,"column":1}},"locations":[{"start":{"line":1,"column":0},"end":{"line":141,"column":1}}]},"1":{"type":"branch","line":137,"loc":{"start":{"line":137,"column":37},"end":{"line":141,"column":1}},"locations":[{"start":{"line":137,"column":37},"end":{"line":141,"column":1}}]},"2":{"type":"branch","line":39,"loc":{"start":{"line":39,"column":13},"end":{"line":39,"column":35}},"locations":[{"start":{"line":39,"column":13},"end":{"line":39,"column":35}}]},"3":{"type":"branch","line":46,"loc":{"start":{"line":46,"column":0},"end":{"line":46,"column":123}},"locations":[{"start":{"line":46,"column":0},"end":{"line":46,"column":123}}]},"4":{"type":"branch","line":46,"loc":{"start":{"line":46,"column":48},"end":{"line":46,"column":56}},"locations":[{"start":{"line":46,"column":48},"end":{"line":46,"column":56}}]},"5":{"type":"branch","line":46,"loc":{"start":{"line":46,"column":58},"end":{"line":46,"column":69}},"locations":[{"start":{"line":46,"column":58},"end":{"line":46,"column":69}}]},"6":{"type":"branch","line":46,"loc":{"start":{"line":46,"column":69},"end":{"line":46,"column":116}},"locations":[{"start":{"line":46,"column":69},"end":{"line":46,"column":116}}]},"7":{"type":"branch","line":46,"loc":{"start":{"line":46,"column":116},"end":{"line":46,"column":120}},"locations":[{"start":{"line":46,"column":116},"end":{"line":46,"column":120}}]},"8":{"type":"branch","line":47,"loc":{"start":{"line":47,"column":0},"end":{"line":47,"column":110}},"locations":[{"start":{"line":47,"column":0},"end":{"line":47,"column":110}}]},"9":{"type":"branch","line":50,"loc":{"start":{"line":50,"column":0},"end":{"line":61,"column":1}},"locations":[{"start":{"line":50,"column":0},"end":{"line":61,"column":1}}]},"10":{"type":"branch","line":51,"loc":{"start":{"line":51,"column":40},"end":{"line":51,"column":45}},"locations":[{"start":{"line":51,"column":40},"end":{"line":51,"column":45}}]},"11":{"type":"branch","line":52,"loc":{"start":{"line":52,"column":57},"end":{"line":52,"column":63}},"locations":[{"start":{"line":52,"column":57},"end":{"line":52,"column":63}}]},"12":{"type":"branch","line":53,"loc":{"start":{"line":53,"column":13},"end":{"line":53,"column":68}},"locations":[{"start":{"line":53,"column":13},"end":{"line":53,"column":68}}]},"13":{"type":"branch","line":58,"loc":{"start":{"line":58,"column":3},"end":{"line":60,"column":3}},"locations":[{"start":{"line":58,"column":3},"end":{"line":60,"column":3}}]},"14":{"type":"branch","line":64,"loc":{"start":{"line":64,"column":31},"end":{"line":78,"column":1}},"locations":[{"start":{"line":64,"column":31},"end":{"line":78,"column":1}}]},"15":{"type":"branch","line":65,"loc":{"start":{"line":65,"column":39},"end":{"line":65,"column":44}},"locations":[{"start":{"line":65,"column":39},"end":{"line":65,"column":44}}]},"16":{"type":"branch","line":66,"loc":{"start":{"line":66,"column":27},"end":{"line":66,"column":97}},"locations":[{"start":{"line":66,"column":27},"end":{"line":66,"column":97}}]},"17":{"type":"branch","line":69,"loc":{"start":{"line":69,"column":59},"end":{"line":77,"column":3}},"locations":[{"start":{"line":69,"column":59},"end":{"line":77,"column":3}}]},"18":{"type":"branch","line":70,"loc":{"start":{"line":70,"column":13},"end":{"line":73,"column":5}},"locations":[{"start":{"line":70,"column":13},"end":{"line":73,"column":5}}]},"19":{"type":"branch","line":94,"loc":{"start":{"line":94,"column":31},"end":{"line":110,"column":1}},"locations":[{"start":{"line":94,"column":31},"end":{"line":110,"column":1}}]},"20":{"type":"branch","line":97,"loc":{"start":{"line":97,"column":31},"end":{"line":97,"column":58}},"locations":[{"start":{"line":97,"column":31},"end":{"line":97,"column":58}}]},"21":{"type":"branch","line":97,"loc":{"start":{"line":97,"column":60},"end":{"line":99,"column":3}},"locations":[{"start":{"line":97,"column":60},"end":{"line":99,"column":3}}]},"22":{"type":"branch","line":100,"loc":{"start":{"line":100,"column":-2},"end":{"line":100,"column":18}},"locations":[{"start":{"line":100,"column":-2},"end":{"line":100,"column":18}}]},"23":{"type":"branch","line":100,"loc":{"start":{"line":100,"column":18},"end":{"line":100,"column":32}},"locations":[{"start":{"line":100,"column":18},"end":{"line":100,"column":32}}]},"24":{"type":"branch","line":100,"loc":{"start":{"line":100,"column":33},"end":{"line":100,"column":47}},"locations":[{"start":{"line":100,"column":33},"end":{"line":100,"column":47}}]},"25":{"type":"branch","line":100,"loc":{"start":{"line":100,"column":49},"end":{"line":110,"column":0}},"locations":[{"start":{"line":100,"column":49},"end":{"line":110,"column":0}}]},"26":{"type":"branch","line":106,"loc":{"start":{"line":106,"column":45},"end":{"line":109,"column":3}},"locations":[{"start":{"line":106,"column":45},"end":{"line":109,"column":3}}]},"27":{"type":"branch","line":107,"loc":{"start":{"line":107,"column":13},"end":{"line":107,"column":65}},"locations":[{"start":{"line":107,"column":13},"end":{"line":107,"column":65}}]}},"b":{"0":[2],"1":[0],"2":[2],"3":[10],"4":[8],"5":[2],"6":[8],"7":[0],"8":[1],"9":[5],"10":[0],"11":[0],"12":[0],"13":[0],"14":[1],"15":[0],"16":[0],"17":[1],"18":[0],"19":[5],"20":[4],"21":[1],"22":[4],"23":[3],"24":[3],"25":[2],"26":[2],"27":[0]},"fnMap":{"0":{"name":"toNumber","decl":{"start":{"line":46,"column":0},"end":{"line":46,"column":123}},"loc":{"start":{"line":46,"column":0},"end":{"line":46,"column":123}},"line":46},"1":{"name":"signToken","decl":{"start":{"line":47,"column":0},"end":{"line":47,"column":110}},"loc":{"start":{"line":47,"column":0},"end":{"line":47,"column":110}},"line":47},"2":{"name":"auth","decl":{"start":{"line":50,"column":0},"end":{"line":61,"column":1}},"loc":{"start":{"line":50,"column":0},"end":{"line":61,"column":1}},"line":50}},"f":{"0":10,"1":1,"2":5}}
}
