TN:
SF:server.js
FN:46,toNumber
FN:47,signToken
FN:50,auth
FNF:3
FNH:3
FNDA:8,toNumber
FNDA:1,signToken
FNDA:4,auth
DA:1,2
DA:2,2
DA:3,2
DA:4,2
DA:5,2
DA:6,2
DA:7,2
DA:8,2
DA:9,2
DA:10,2
DA:11,2
DA:12,2
DA:13,2
DA:14,2
DA:15,2
DA:16,2
DA:17,2
DA:18,2
DA:19,2
DA:20,2
DA:21,2
DA:22,2
DA:23,2
DA:24,2
DA:25,2
DA:26,2
DA:27,2
DA:28,2
DA:29,2
DA:30,2
DA:31,2
DA:32,2
DA:33,2
DA:34,2
DA:35,2
DA:36,2
DA:37,2
DA:38,2
DA:39,2
DA:40,2
DA:41,2
DA:42,2
DA:43,2
DA:44,2
DA:45,2
DA:46,8
DA:47,1
DA:48,2
DA:49,2
DA:50,4
DA:51,4
DA:52,4
DA:53,4
DA:54,4
DA:55,4
DA:56,4
DA:57,4
DA:58,4
DA:59,0
DA:60,0
DA:61,4
DA:62,2
DA:63,2
DA:64,2
DA:65,1
DA:66,1
DA:67,1
DA:68,1
DA:69,1
DA:70,1
DA:71,0
DA:72,0
DA:73,0
DA:74,1
DA:75,1
DA:76,1
DA:77,1
DA:78,2
DA:79,2
DA:80,2
DA:81,0
DA:82,0
DA:83,0
DA:84,0
DA:85,0
DA:86,0
DA:87,0
DA:88,0
DA:89,0
DA:90,0
DA:91,2
DA:92,2
DA:93,2
DA:94,2
DA:95,4
DA:96,4
DA:97,4
DA:98,1
DA:99,1
DA:100,4
DA:101,3
DA:102,3
DA:103,3
DA:104,3
DA:105,0
DA:106,0
DA:107,0
DA:108,0
DA:109,0
DA:110,2
DA:111,2
DA:112,2
DA:113,0
DA:114,0
DA:115,0
DA:116,0
DA:117,0
DA:118,2
DA:119,2
DA:120,2
DA:121,2
DA:122,2
DA:123,2
DA:124,2
DA:125,2
DA:126,2
DA:127,2
DA:128,2
DA:129,2
DA:130,2
DA:131,2
DA:132,2
DA:133,2
DA:134,2
DA:135,2
DA:136,2
DA:137,2
DA:138,0
DA:139,0
DA:140,0
DA:141,0
LF:141
LH:112
BRDA:1,0,0,2
BRDA:137,1,0,0
BRDA:39,2,0,2
BRDA:46,3,0,8
BRDA:46,4,0,6
BRDA:46,5,0,2
BRDA:46,6,0,6
BRDA:46,7,0,0
BRDA:47,8,0,1
BRDA:50,9,0,4
BRDA:51,10,0,0
BRDA:52,11,0,0
BRDA:53,12,0,0
BRDA:58,13,0,0
BRDA:64,14,0,1
BRDA:65,15,0,0
BRDA:66,16,0,0
BRDA:69,17,0,1
BRDA:70,18,0,0
BRDA:94,19,0,4
BRDA:97,20,0,3
BRDA:97,21,0,1
BRDA:100,22,0,3
BRDA:100,23,0,2
BRDA:100,24,0,2
BRDA:100,25,0,3
BRDA:105,26,0,0
BRF:27
BRH:17
end_of_record
